<?xml version="1.0" encoding="UTF-8" standalone="yes"?>
<ns2:test-suite start="1588785607888" stop="1588785665804" version="1.5.4" xmlns:ns2="urn:model.allure.qatools.yandex.ru">
    <name>Default Suite : FinalProjectOneList</name>
    <title>Default Suite : FinalProjectOneList</title>
    <test-cases>
        <test-case start="1588785617906" stop="1588785617908" status="pending">
            <name>checkFlipScreen</name>
            <description></description>
            <failure>
                <message>Test not implemented yet</message>
                <stack-trace>There are no stack trace</stack-trace>
            </failure>
            <steps/>
            <attachments/>
            <labels>
                <label name="host" value="MacBook-Pro-Viktoria.local"/>
                <label name="thread" value="96977@MacBook-Pro-Viktoria.local.main(1)"/>
            </labels>
        </test-case>
        <test-case start="1588785622914" stop="1588785622914" status="pending">
            <name>modificationTest</name>
            <description></description>
            <failure>
                <message>Test not implemented yet</message>
                <stack-trace>There are no stack trace</stack-trace>
            </failure>
            <steps/>
            <attachments/>
            <labels>
                <label name="host" value="MacBook-Pro-Viktoria.local"/>
                <label name="thread" value="96977@MacBook-Pro-Viktoria.local.main(1)"/>
            </labels>
        </test-case>
        <test-case start="1588785627917" stop="1588785627917" status="pending">
            <name>shareTest</name>
            <description></description>
            <failure>
                <message>Test not implemented yet</message>
                <stack-trace>There are no stack trace</stack-trace>
            </failure>
            <steps/>
            <attachments/>
            <labels>
                <label name="host" value="MacBook-Pro-Viktoria.local"/>
                <label name="thread" value="96977@MacBook-Pro-Viktoria.local.main(1)"/>
            </labels>
        </test-case>
        <test-case start="1588785632919" stop="1588785632919" status="pending">
            <name>goToSettingsPageTest</name>
            <description></description>
            <failure>
                <message>Test not implemented yet</message>
                <stack-trace>There are no stack trace</stack-trace>
            </failure>
            <steps/>
            <attachments/>
            <labels>
                <label name="host" value="MacBook-Pro-Viktoria.local"/>
                <label name="thread" value="96977@MacBook-Pro-Viktoria.local.main(1)"/>
            </labels>
        </test-case>
        <test-case start="1588785653638" stop="1588785665704" status="passed">
            <name>creatureTest</name>
            <description></description>
            <steps/>
            <attachments/>
            <labels>
                <label name="testSuite" value="Default Suite"/>
                <label name="testGroup" value="FinalProjectOneList"/>
                <label name="testClass" value="tests.FirstTest"/>
                <label name="testMethod" value="creatureTest"/>
                <label name="host" value="MacBook-Pro-Viktoria.local"/>
                <label name="thread" value="96977@MacBook-Pro-Viktoria.local.main(1)"/>
            </labels>
        </test-case>
    </test-cases>
    <labels>
        <label name="framework" value="TestNG"/>
        <label name="language" value="JAVA"/>
    </labels>
</ns2:test-suite>
